{"level":"info","message":{"ip":"::1","method":"GET","timestamp":"2025-04-19T12:11:54.429Z","url":"/api/products"},"timestamp":"2025-04-19T12:11:54.430Z"}
{"level":"info","message":{"duration":"180ms","method":"GET","status":200,"timestamp":"2025-04-19T12:11:54.607Z","url":"/"},"timestamp":"2025-04-19T12:11:54.607Z"}
{"level":"info","message":{"ip":"::1","method":"GET","timestamp":"2025-04-19T12:12:07.327Z","url":"/api/products"},"timestamp":"2025-04-19T12:12:07.327Z"}
{"level":"info","message":{"duration":"100ms","method":"GET","status":200,"timestamp":"2025-04-19T12:12:07.427Z","url":"/"},"timestamp":"2025-04-19T12:12:07.428Z"}
{"level":"info","message":{"ip":"::1","method":"GET","timestamp":"2025-04-19T12:12:18.967Z","url":"/api/auth/login"},"timestamp":"2025-04-19T12:12:18.967Z"}
{"level":"info","message":{"duration":"18ms","method":"GET","status":404,"timestamp":"2025-04-19T12:12:18.984Z","url":"/api/auth/login"},"timestamp":"2025-04-19T12:12:18.984Z"}
{"level":"info","message":{"ip":"::1","method":"POST","timestamp":"2025-04-19T12:12:25.425Z","url":"/api/auth/login"},"timestamp":"2025-04-19T12:12:25.425Z"}
{"level":"info","message":{"duration":"16ms","method":"POST","status":400,"timestamp":"2025-04-19T12:12:25.441Z","url":"/login"},"timestamp":"2025-04-19T12:12:25.441Z"}
{"level":"info","message":{"ip":"::1","method":"GET","timestamp":"2025-04-19T12:12:43.092Z","url":"/api/products"},"timestamp":"2025-04-19T12:12:43.092Z"}
{"level":"info","message":{"duration":"123ms","method":"GET","status":200,"timestamp":"2025-04-19T12:12:43.215Z","url":"/"},"timestamp":"2025-04-19T12:12:43.215Z"}
{"level":"info","message":{"ip":"::1","method":"GET","timestamp":"2025-04-19T16:03:53.414Z","url":"/api/reviews?productId=1&page=1&limit=10"},"timestamp":"2025-04-19T16:03:53.417Z"}
{"level":"info","message":{"duration":"230ms","method":"GET","status":200,"timestamp":"2025-04-19T16:03:53.643Z","url":"/?productId=1&page=1&limit=10"},"timestamp":"2025-04-19T16:03:53.643Z"}
{"level":"info","message":{"ip":"::1","method":"GET","timestamp":"2025-04-19T16:12:14.900Z","url":"/"},"timestamp":"2025-04-19T16:12:14.902Z"}
{"level":"info","message":{"duration":"35ms","method":"GET","status":200,"timestamp":"2025-04-19T16:12:14.934Z","url":"/"},"timestamp":"2025-04-19T16:12:14.934Z"}
{"level":"info","message":{"ip":"::1","method":"GET","timestamp":"2025-04-19T16:58:26.607Z","url":"/"},"timestamp":"2025-04-19T16:58:26.609Z"}
{"level":"info","message":{"duration":"92ms","method":"GET","status":200,"timestamp":"2025-04-19T16:58:26.699Z","url":"/"},"timestamp":"2025-04-19T16:58:26.704Z"}
{"level":"info","message":{"ip":"::1","method":"POST","timestamp":"2025-04-19T17:40:55.875Z","url":"/api/auth/register"},"timestamp":"2025-04-19T17:40:55.876Z"}
{"level":"info","message":{"duration":"68ms","method":"POST","status":400,"timestamp":"2025-04-19T17:40:55.942Z","url":"/register"},"timestamp":"2025-04-19T17:40:55.943Z"}
{"level":"info","message":{"ip":"::1","method":"GET","timestamp":"2025-04-19T17:47:51.976Z","url":"/favicon.ico"},"timestamp":"2025-04-19T17:47:51.977Z"}
{"level":"info","message":{"duration":"13ms","method":"GET","status":404,"timestamp":"2025-04-19T17:47:51.988Z","url":"/favicon.ico"},"timestamp":"2025-04-19T17:47:51.988Z"}
{"level":"info","message":{"ip":"::1","method":"POST","timestamp":"2025-04-19T17:54:54.562Z","url":"/api/auth/register"},"timestamp":"2025-04-19T17:54:54.562Z"}
{"level":"info","message":{"duration":"4181ms","method":"POST","status":201,"timestamp":"2025-04-19T17:54:58.743Z","url":"/register"},"timestamp":"2025-04-19T17:54:58.743Z"}
{"level":"info","message":{"ip":"::1","method":"POST","timestamp":"2025-04-19T17:55:15.386Z","url":"/api/auth/login"},"timestamp":"2025-04-19T17:55:15.386Z"}
{"level":"info","message":{"duration":"49ms","method":"POST","status":403,"timestamp":"2025-04-19T17:55:15.435Z","url":"/login"},"timestamp":"2025-04-19T17:55:15.435Z"}
{"level":"info","message":{"ip":"::1","method":"POST","timestamp":"2025-04-19T17:55:20.532Z","url":"/api/auth/login"},"timestamp":"2025-04-19T17:55:20.532Z"}
{"level":"info","message":{"duration":"13ms","method":"POST","status":403,"timestamp":"2025-04-19T17:55:20.545Z","url":"/login"},"timestamp":"2025-04-19T17:55:20.545Z"}
{"level":"info","message":{"ip":"::1","method":"POST","timestamp":"2025-04-19T17:57:46.058Z","url":"/api/auth/login"},"timestamp":"2025-04-19T17:57:46.059Z"}
{"level":"info","message":{"duration":"443ms","method":"POST","status":200,"timestamp":"2025-04-19T17:57:46.500Z","url":"/login"},"timestamp":"2025-04-19T17:57:46.500Z"}
{"level":"info","message":{"ip":"::1","method":"POST","timestamp":"2025-04-19T18:15:58.655Z","url":"/api/auth/login"},"timestamp":"2025-04-19T18:15:58.657Z"}
{"level":"info","message":{"duration":"465ms","method":"POST","status":200,"timestamp":"2025-04-19T18:15:59.120Z","url":"/login"},"timestamp":"2025-04-19T18:15:59.120Z"}
{"level":"info","message":{"ip":"::1","method":"GET","timestamp":"2025-04-19T18:16:21.898Z","url":"/api/users/admin/users?page=1&limit=10"},"timestamp":"2025-04-19T18:16:21.898Z"}
{"level":"info","message":{"duration":"47ms","method":"GET","status":403,"timestamp":"2025-04-19T18:16:21.945Z","url":"/admin/users?page=1&limit=10"},"timestamp":"2025-04-19T18:16:21.945Z"}
{"level":"info","message":{"ip":"::1","method":"POST","timestamp":"2025-04-19T18:16:49.996Z","url":"/api/auth/login"},"timestamp":"2025-04-19T18:16:49.996Z"}
{"level":"info","message":{"duration":"343ms","method":"POST","status":200,"timestamp":"2025-04-19T18:16:50.339Z","url":"/login"},"timestamp":"2025-04-19T18:16:50.339Z"}
{"level":"info","message":{"ip":"::1","method":"GET","timestamp":"2025-04-19T18:17:06.728Z","url":"/api/users/admin/users?page=1&limit=10"},"timestamp":"2025-04-19T18:17:06.728Z"}
{"level":"info","message":{"duration":"113ms","method":"GET","status":200,"timestamp":"2025-04-19T18:17:06.841Z","url":"/admin/users?page=1&limit=10"},"timestamp":"2025-04-19T18:17:06.841Z"}
{"level":"info","message":{"ip":"::1","method":"GET","timestamp":"2025-04-19T18:17:30.246Z","url":"/api/products?page=1&limit=10&sortBy=createdAt&sortOrder=DESC"},"timestamp":"2025-04-19T18:17:30.246Z"}
{"level":"info","message":{"duration":"175ms","method":"GET","status":200,"timestamp":"2025-04-19T18:17:30.421Z","url":"/?page=1&limit=10&sortBy=createdAt&sortOrder=DESC"},"timestamp":"2025-04-19T18:17:30.421Z"}
